  binaryninjaapi.cpp
  connection_win.cpp
  discord_register_win.cpp
  discord_rpc.cpp
  dllmain.cpp
  rpc_connection.cpp
  serialization.cpp
  main.cpp
  RPC.cpp
  stdafx.hpp
binaryninjaapi.obj : error LNK2001: unresolved external symbol BNGetMemoryUsageInfo
binaryninjaapi.obj : error LNK2001: unresolved external symbol BNAddRequiredPluginDependency
binaryninjaapi.obj : error LNK2001: unresolved external symbol BNIsPluginsEnabled
binaryninjaapi.obj : error LNK2001: unresolved external symbol BNGetUniqueIdentifierString
binaryninjaapi.obj : error LNK2001: unresolved external symbol BNGetBundledPluginDirectory
binaryninjaapi.obj : error LNK2001: unresolved external symbol BNInitRepoPlugins
binaryninjaapi.obj : error LNK2001: unresolved external symbol BNInitCorePlugins
binaryninjaapi.obj : error LNK2001: unresolved external symbol BNSetWorkerThreadCount
binaryninjaapi.obj : error LNK2001: unresolved external symbol BNGetLicensedUserEmail
binaryninjaapi.obj : error LNK2001: unresolved external symbol BNFreeMemoryUsageInfo
binaryninjaapi.obj : error LNK2001: unresolved external symbol BNGetBuildId
binaryninjaapi.obj : error LNK2001: unresolved external symbol BNGetSerialNumber
binaryninjaapi.obj : error LNK2001: unresolved external symbol BNGetRegisteredPluginLoaders
binaryninjaapi.obj : error LNK2001: unresolved external symbol BNGetInstallDirectory
binaryninjaapi.obj : error LNK2001: unresolved external symbol BNGetLicenseCount
binaryninjaapi.obj : error LNK2001: unresolved external symbol BNGetVersionString
binaryninjaapi.obj : error LNK2001: unresolved external symbol BNSetBundledPluginDirectory
binaryninjaapi.obj : error LNK2001: unresolved external symbol BNGetPathRelativeToUserPluginDirectory
binaryninjaapi.obj : error LNK2001: unresolved external symbol BNGetUserDirectory
binaryninjaapi.obj : error LNK2001: unresolved external symbol BNWorkerEnqueue
binaryninjaapi.obj : error LNK2001: unresolved external symbol BNGetUserPluginDirectory
binaryninjaapi.obj : error LNK2001: unresolved external symbol BNDisablePlugins
binaryninjaapi.obj : error LNK2001: unresolved external symbol BNInitUserPlugins
binaryninjaapi.obj : error LNK2001: unresolved external symbol BNGetProduct
binaryninjaapi.obj : error LNK2001: unresolved external symbol BNGetRepositoriesDirectory
binaryninjaapi.obj : error LNK2001: unresolved external symbol BNWorkerPriorityEnqueue
binaryninjaapi.obj : error LNK2001: unresolved external symbol BNGetSettingsFileName
binaryninjaapi.obj : error LNK2001: unresolved external symbol BNGetPathRelativeToUserDirectory
binaryninjaapi.obj : error LNK2001: unresolved external symbol BNWorkerInteractiveEnqueue
binaryninjaapi.obj : error LNK2001: unresolved external symbol BNGetProductType
binaryninjaapi.obj : error LNK2001: unresolved external symbol BNGetWorkerThreadCount
binaryninjaapi.obj : error LNK2001: unresolved external symbol BNSetCurrentPluginLoadOrder
binaryninjaapi.obj : error LNK2001: unresolved external symbol BNExecuteWorkerProcess
binaryninjaapi.obj : error LNK2001: unresolved external symbol BNIsUIEnabled
binaryninjaapi.obj : error LNK2001: unresolved external symbol BNFreeRegisteredPluginLoadersList
binaryninjaapi.obj : error LNK2001: unresolved external symbol BNGetPathRelativeToBundledPluginDirectory
binaryninjaapi.obj : error LNK2001: unresolved external symbol BNAddOptionalPluginDependency
binaryninjaapi.obj : error LNK2001: unresolved external symbol BNFreeString
main.obj : error LNK2001: unresolved external symbol "public: static void __cdecl BinaryNinja::PluginCommand::RegisterForAddress(class std::basic_string<char,struct std::char_traits<char>,class std::allocator<char> > const &,class std::basic_string<char,struct std::char_traits<char>,class std::allocator<char> > const &,class std::function<void __cdecl(class BinaryNinja::BinaryView *,unsigned __int64)> const &)" (?RegisterForAddress@PluginCommand@BinaryNinja@@SAXAEBV?$basic_string@DU?$char_traits@D@std@@V?$allocator@D@2@@std@@0AEBV?$function@$$A6AXPEAVBinaryView@BinaryNinja@@_K@Z@4@@Z)
main.obj : error LNK2001: unresolved external symbol "public: class std::basic_string<char,struct std::char_traits<char>,class std::allocator<char> > __cdecl BinaryNinja::FileMetadata::GetFilename(void)const " (?GetFilename@FileMetadata@BinaryNinja@@QEBA?AV?$basic_string@DU?$char_traits@D@std@@V?$allocator@D@2@@std@@XZ)
main.obj : error LNK2001: unresolved external symbol "void __cdecl BinaryNinja::LogInfo(char const *,...)" (?LogInfo@BinaryNinja@@YAXPEBDZZ)
C:\Users\admob\source\repos\EmptyRpc\x64\Release\EmptyRpc.dll : fatal error LNK1120: 41 unresolved externals
